c:\users\cebo\downloads\c++ work\quizproject\quizproject\debug\vc142.pdb
c:\users\cebo\downloads\c++ work\quizproject\quizproject\debug\.netframework,version=v4.7.2.assemblyattributes.obj
c:\users\cebo\downloads\c++ work\quizproject\quizproject\debug\welcome.obj
c:\users\cebo\downloads\c++ work\quizproject\quizproject\debug\game.obj
c:\users\cebo\downloads\c++ work\quizproject\quizproject\debug\level.obj
c:\users\cebo\downloads\c++ work\quizproject\quizproject\debug\review.obj
c:\users\cebo\downloads\c++ work\quizproject\quizproject\debug\quizproject.welcome.resources
c:\users\cebo\downloads\c++ work\quizproject\quizproject\debug\quizproject.game.resources
c:\users\cebo\downloads\c++ work\quizproject\quizproject\debug\quizproject.level.resources
c:\users\cebo\downloads\c++ work\quizproject\quizproject\debug\quizproject.review.resources
c:\users\cebo\downloads\c++ work\quizproject\debug\quizproject.pdb
c:\users\cebo\downloads\c++ work\quizproject\debug\quizproject.exe
c:\users\cebo\downloads\c++ work\quizproject\quizproject\debug\quizproject.tlog\cl.command.1.tlog
c:\users\cebo\downloads\c++ work\quizproject\quizproject\debug\quizproject.tlog\cl.read.1.tlog
c:\users\cebo\downloads\c++ work\quizproject\quizproject\debug\quizproject.tlog\cl.write.1.tlog
c:\users\cebo\downloads\c++ work\quizproject\quizproject\debug\quizproject.tlog\link.command.1.tlog
c:\users\cebo\downloads\c++ work\quizproject\quizproject\debug\quizproject.tlog\link.read.1.tlog
c:\users\cebo\downloads\c++ work\quizproject\quizproject\debug\quizproject.tlog\link.write.1.tlog
c:\users\cebo\downloads\c++ work\quizproject\quizproject\debug\quizproject.tlog\metagen.read.1.tlog
c:\users\cebo\downloads\c++ work\quizproject\quizproject\debug\quizproject.tlog\metagen.write.1.tlog
c:\users\cebo\downloads\c++ work\quizproject\quizproject\debug\quizproject.tlog\quizproject.write.1u.tlog
